file /home/pjayaraj/aocl-libm-ose/scripts/site_scons/alm/check.py,line 152:
	Configure(confdir = build/aocl-release/.sconf_temp)
scons: Configure: Checking whether gcc program exists...
scons: Configure: /usr/bin/gcc

scons: Configure: Checking whether g++ program exists...
scons: Configure: /usr/bin/g++

scons: Configure: Checking whether gcc program exists...
scons: Configure: /usr/bin/gcc

scons: Configure: Checking whether g++ program exists...
scons: Configure: /usr/bin/g++

scons: Configure: Checking for Toolchain 
scons: Configure: (cached)  Using compiler GCC ver 9.3
scons: Configure: (cached) yes

scons: Configure: Checking if test supporting libraries exists
scons: Configure: (cached) yes

scons: Configure: Checking if [-march=znver4] is supported by gcc 
scons: Configure: "build/aocl-release/.sconf_temp/conftest_2ab82633fad769ac6eb3a12f2715d311_0.c" is up to date.
scons: Configure: The original builder output was:
  |build/aocl-release/.sconf_temp/conftest_2ab82633fad769ac6eb3a12f2715d311_0.c <-
  |  |
  |  |    #include <stdio.h>
  |  |    int main() { printf("hello world"); return 0; }
  |  |    
  |
scons: Configure: Building "build/aocl-release/.sconf_temp/conftest_2ab82633fad769ac6eb3a12f2715d311_0_cdda0d2b6e607ec0990ad9ac7da4c6df.o" failed in a previous run and all its sources are up to date.
scons: Configure: The original builder output was:
  |gcc -o build/aocl-release/.sconf_temp/conftest_2ab82633fad769ac6eb3a12f2715d311_0_cdda0d2b6e607ec0990ad9ac7da4c6df.o -c -march=znver4 build/aocl-release/.sconf_temp/conftest_2ab82633fad769ac6eb3a12f2715d311_0.c
  |
scons: Configure: (cached) no

scons: Configure: Checking if [-march=znver3] is supported by gcc 
scons: Configure: "build/aocl-release/.sconf_temp/conftest_2ab82633fad769ac6eb3a12f2715d311_1.c" is up to date.
scons: Configure: The original builder output was:
  |build/aocl-release/.sconf_temp/conftest_2ab82633fad769ac6eb3a12f2715d311_1.c <-
  |  |
  |  |    #include <stdio.h>
  |  |    int main() { printf("hello world"); return 0; }
  |  |    
  |
scons: Configure: Building "build/aocl-release/.sconf_temp/conftest_2ab82633fad769ac6eb3a12f2715d311_1_51b4ef17b69bb7b8a3b2541f00617324.o" failed in a previous run and all its sources are up to date.
scons: Configure: The original builder output was:
  |gcc -o build/aocl-release/.sconf_temp/conftest_2ab82633fad769ac6eb3a12f2715d311_1_51b4ef17b69bb7b8a3b2541f00617324.o -c -march=znver3 build/aocl-release/.sconf_temp/conftest_2ab82633fad769ac6eb3a12f2715d311_1.c
  |
scons: Configure: (cached) no

scons: Configure: Checking if [-march=znver2] is supported by gcc 
scons: Configure: "build/aocl-release/.sconf_temp/conftest_2ab82633fad769ac6eb3a12f2715d311_2.c" is up to date.
scons: Configure: The original builder output was:
  |build/aocl-release/.sconf_temp/conftest_2ab82633fad769ac6eb3a12f2715d311_2.c <-
  |  |
  |  |    #include <stdio.h>
  |  |    int main() { printf("hello world"); return 0; }
  |  |    
  |
scons: Configure: "build/aocl-release/.sconf_temp/conftest_2ab82633fad769ac6eb3a12f2715d311_2_259e23adb07b14b5ce365380b185afa0.o" is up to date.
scons: Configure: The original builder output was:
  |gcc -o build/aocl-release/.sconf_temp/conftest_2ab82633fad769ac6eb3a12f2715d311_2_259e23adb07b14b5ce365380b185afa0.o -c -march=znver2 build/aocl-release/.sconf_temp/conftest_2ab82633fad769ac6eb3a12f2715d311_2.c
  |
scons: Configure: (cached) yes


file /home/pjayaraj/aocl-libm-ose/gtests/SConscript,line 14:
	Configure(confdir = .sconf_temp)
scons: Configure: Checking for C header file mpfr.h... 
scons: Configure: ".sconf_temp/conftest_6e5a6327974c76dd3e482b4aff9c15a4_0.c" is up to date.
scons: Configure: The original builder output was:
  |.sconf_temp/conftest_6e5a6327974c76dd3e482b4aff9c15a4_0.c <-
  |  |
  |  |#include "mpfr.h"
  |  |
  |  |
  |
scons: Configure: ".sconf_temp/conftest_6e5a6327974c76dd3e482b4aff9c15a4_0_f087a16a32129ada51f02c2896d03023.o" is up to date.
scons: Configure: The original builder output was:
  |     [CC] .sconf_temp/conftest_6e5a6327974c76dd3e482b4aff9c15a4_0_f087a16a32129ada51f02c2896d03023.o
  |
scons: Configure: (cached) yes

scons: Configure: Checking for C library mpfr... 
scons: Configure: ".sconf_temp/conftest_886f7703aa94e9864df836691cdd2411_0.c" is up to date.
scons: Configure: The original builder output was:
  |.sconf_temp/conftest_886f7703aa94e9864df836691cdd2411_0.c <-
  |  |
  |  |
  |  |#include "mpfr.h"
  |  |
  |  |int
  |  |main() {
  |  |  
  |  |return 0;
  |  |}
  |  |
  |
scons: Configure: ".sconf_temp/conftest_886f7703aa94e9864df836691cdd2411_0.o" is up to date.
scons: Configure: The original builder output was:
  |     [CC] .sconf_temp/conftest_886f7703aa94e9864df836691cdd2411_0.o
  |
scons: Configure: ".sconf_temp/conftest_886f7703aa94e9864df836691cdd2411_0_82169cf3f18ecc43eebd3681fc299e2a" is up to date.
scons: Configure: The original builder output was:
  |   [LINK] .sconf_temp/conftest_886f7703aa94e9864df836691cdd2411_0_82169cf3f18ecc43eebd3681fc299e2a
  |
scons: Configure: (cached) yes

